------------ ------ ------------
Name         Type   Line Numbers
------------ ------ -------------
condit       undef    54   57 
bossÀf      undef     7 
NUM          undef    33   35 
dec          undef     4 
a            undef    27   28 
a¯f          undef    24 
a|f          undef     2 
b            undef    26   29 
bµf          undef    25 
isCorrectS\system32\cmd.exe undef     9 
b|f          undef     3 
i            undef    22   22   22   24   25   28   30   42   43   44   44 
isWrong      undef    10 
arr          undef     8 
set          undef    35   41 
insurance    undef    36   53 
num          undef    41   43 
total        undef    41 
ltr          undef     6 
ttl          undef     5   24   25   26   26   27   27   28   30 
